#This is a comment, does gnuplot ignore it?
8	1	1e-06	1
9	3	3e-06	0.999999
10	4	4e-06	0.999996
11	11	1.1e-05	0.999992
12	22	2.2e-05	0.999981
13	31	3.1e-05	0.999959
14	51	5.1e-05	0.999928
15	69	6.9e-05	0.999877
16	117	0.000117	0.999808
17	189	0.000189	0.999691
18	273	0.000273	0.999502
19	384	0.000384	0.999229
20	475	0.000475	0.998845
21	726	0.000726	0.99837
22	932	0.000932	0.997644
23	1158	0.001158	0.996712
24	1561	0.001561	0.995554
25	1889	0.001889	0.993993
26	2350	0.00235	0.992104
27	2761	0.002761	0.989754
28	3334	0.003334	0.986993
29	3927	0.003927	0.983659
30	4550	0.00455	0.979732
31	5054	0.005054	0.975182
32	5852	0.005852	0.970128
33	6553	0.006553	0.964276
34	7226	0.007226	0.957723
35	7907	0.007907	0.950497
36	8509	0.008509	0.94259
37	9333	0.009333	0.934081
38	10053	0.010053	0.924748
39	10747	0.010747	0.914695
40	11325	0.011325	0.903948
41	11923	0.011923	0.892623
42	12481	0.012481	0.8807
43	13218	0.013218	0.868219
44	13390	0.01339	0.855001
45	13945	0.013945	0.841611
46	14289	0.014289	0.827666
47	14591	0.014591	0.813377
48	14838	0.014838	0.798786
49	15209	0.015209	0.783948
50	15541	0.015541	0.768739
51	15691	0.015691	0.753198
52	16028	0.016028	0.737507
53	16094	0.016094	0.721479
54	15840	0.01584	0.705385
55	15676	0.015676	0.689545
56	15943	0.015943	0.673869
57	15804	0.015804	0.657926
58	15616	0.015616	0.642122
59	15890	0.01589	0.626506
60	15264	0.015264	0.610616
61	15455	0.015455	0.595352
62	15307	0.015307	0.579897
63	15139	0.015139	0.56459
64	14785	0.014785	0.549451
65	14637	0.014637	0.534666
66	14329	0.014329	0.520029
67	14349	0.014349	0.5057
68	13906	0.013906	0.491351
69	13724	0.013724	0.477445
70	13256	0.013256	0.463721
71	12968	0.012968	0.450465
72	12853	0.012853	0.437497
73	12588	0.012588	0.424644
74	12316	0.012316	0.412056
75	12071	0.012071	0.39974
76	11584	0.011584	0.387669
77	11513	0.011513	0.376085
78	11088	0.011088	0.364572
79	11018	0.011018	0.353484
80	10600	0.0106	0.342466
81	10207	0.010207	0.331866
82	9751	0.009751	0.321659
83	9749	0.009749	0.311908
84	9672	0.009672	0.302159
85	9242	0.009242	0.292487
86	8969	0.008969	0.283245
87	8770	0.00877	0.274276
88	8417	0.008417	0.265506
89	8369	0.008369	0.257089
90	7988	0.007988	0.24872
91	7703	0.007703	0.240732
92	7515	0.007515	0.233029
93	7481	0.007481	0.225514
94	7034	0.007034	0.218033
95	7001	0.007001	0.210999
96	6720	0.00672	0.203998
97	6543	0.006543	0.197278
98	6334	0.006334	0.190735
99	6013	0.006013	0.184401
100	5975	0.005975	0.178388
101	5737	0.005737	0.172413
102	5635	0.005635	0.166676
103	5467	0.005467	0.161041
104	5184	0.005184	0.155574
105	5116	0.005116	0.15039
106	4817	0.004817	0.145274
107	4714	0.004714	0.140457
108	4600	0.0046	0.135743
109	4515	0.004515	0.131143
110	4198	0.004198	0.126628
111	4135	0.004135	0.12243
112	4079	0.004079	0.118295
113	3823	0.003823	0.114216
114	3850	0.00385	0.110393
115	3639	0.003639	0.106543
116	3505	0.003505	0.102904
117	3374	0.003374	0.099399
118	3182	0.003182	0.096025
119	3117	0.003117	0.092843
120	3085	0.003085	0.089726
121	2849	0.002849	0.086641
122	2866	0.002866	0.083792
123	2793	0.002793	0.080926
124	2643	0.002643	0.078133
125	2554	0.002554	0.07549
126	2434	0.002434	0.072936
127	2468	0.002468	0.070502
128	2311	0.002311	0.068034
129	2281	0.002281	0.065723
130	2166	0.002166	0.063442
131	2144	0.002144	0.061276
132	2026	0.002026	0.059132
133	1923	0.001923	0.057106
134	1969	0.001969	0.055183
135	1819	0.001819	0.053214
136	1677	0.001677	0.051395
137	1721	0.001721	0.049718
138	1645	0.001645	0.047997
139	1641	0.001641	0.046352
140	1577	0.001577	0.044711
141	1507	0.001507	0.043134
142	1406	0.001406	0.041627
143	1355	0.001355	0.040221
144	1310	0.00131	0.038866
145	1295	0.001295	0.037556
146	1251	0.001251	0.036261
147	1171	0.001171	0.03501
148	1206	0.001206	0.033839
149	1201	0.001201	0.032633
150	1041	0.001041	0.031432
151	1022	0.001022	0.030391
152	945	0.000945	0.029369
153	1011	0.001011	0.028424
154	909	0.000909	0.027413
155	912	0.000912	0.026504
156	914	0.000914	0.025592
157	847	0.000847	0.024678
158	782	0.000782	0.023831
159	754	0.000754	0.023049
160	757	0.000757	0.022295
161	792	0.000792	0.021538
162	714	0.000714	0.020746
163	677	0.000677	0.020032
164	687	0.000687	0.019355
165	635	0.000635	0.018668
166	577	0.000577	0.018033
167	602	0.000602	0.017456
168	589	0.000589	0.016854
169	543	0.000543	0.016265
170	541	0.000541	0.015722
171	576	0.000576	0.015181
172	507	0.000507	0.014605
173	494	0.000494	0.014098
174	490	0.00049	0.013604
175	485	0.000485	0.013114
176	419	0.000419	0.012629
177	432	0.000432	0.01221
178	402	0.000402	0.011778
179	411	0.000411	0.011376
180	399	0.000399	0.010965
181	388	0.000388	0.010566
182	366	0.000366	0.010178
183	300	0.0003	0.009812
184	337	0.000337	0.009512
185	334	0.000334	0.009175
186	324	0.000324	0.008841
187	338	0.000338	0.008517
188	279	0.000279	0.008179
189	272	0.000272	0.0079
190	272	0.000272	0.007628
191	301	0.000301	0.007356
192	268	0.000268	0.007055
193	266	0.000266	0.006787
194	225	0.000225	0.006521
195	237	0.000237	0.006296
196	221	0.000221	0.006059
197	207	0.000207	0.005838
198	198	0.000198	0.005631
199	172	0.000172	0.005433
200	207	0.000207	0.005261
201	147	0.000147	0.005054
202	162	0.000162	0.004907
203	185	0.000185	0.004745
204	160	0.00016	0.00456
205	136	0.000136	0.0044
206	150	0.00015	0.004264
207	144	0.000144	0.004114
208	128	0.000128	0.00397
209	124	0.000124	0.003842
210	127	0.000127	0.003718
211	140	0.00014	0.003591
212	97	9.7e-05	0.003451
213	120	0.00012	0.003354
214	117	0.000117	0.003234
215	110	0.00011	0.003117
216	110	0.00011	0.003007
217	121	0.000121	0.002897
218	100	0.0001	0.002776
219	95	9.5e-05	0.002676
220	84	8.4e-05	0.002581
221	82	8.2e-05	0.002497
222	72	7.2e-05	0.002415
223	82	8.2e-05	0.002343
224	76	7.6e-05	0.002261
225	89	8.9e-05	0.002185
226	70	7e-05	0.002096
227	78	7.8e-05	0.002026
228	78	7.8e-05	0.001948
229	69	6.9e-05	0.00187
230	50	5e-05	0.001801
231	53	5.3e-05	0.001751
232	56	5.6e-05	0.001698
233	64	6.4e-05	0.001642
234	68	6.8e-05	0.001578
235	54	5.4e-05	0.00151
236	60	6e-05	0.001456
237	39	3.9e-05	0.001396
238	46	4.6e-05	0.001357
239	42	4.2e-05	0.001311
240	48	4.8e-05	0.001269
241	41	4.1e-05	0.001221
242	34	3.4e-05	0.00118
243	33	3.3e-05	0.001146
244	44	4.4e-05	0.001113
245	37	3.7e-05	0.001069
246	40	4e-05	0.001032
247	35	3.5e-05	0.000992
248	35	3.5e-05	0.000957
249	28	2.8e-05	0.000922
250	39	3.9e-05	0.000894
251	24	2.4e-05	0.000855
252	38	3.8e-05	0.000831
253	27	2.7e-05	0.000793
254	28	2.8e-05	0.000766
255	24	2.4e-05	0.000738
256	24	2.4e-05	0.000714
257	16	1.6e-05	0.00069
258	25	2.5e-05	0.000674
259	18	1.8e-05	0.000649
260	27	2.7e-05	0.000631
261	17	1.7e-05	0.000604
262	19	1.9e-05	0.000587
263	17	1.7e-05	0.000568
264	16	1.6e-05	0.000551
265	20	2e-05	0.000535
266	26	2.6e-05	0.000515
267	20	2e-05	0.000489
268	10	1e-05	0.000469
269	14	1.4e-05	0.000459
270	10	1e-05	0.000445
271	15	1.5e-05	0.000435
272	17	1.7e-05	0.00042
273	11	1.1e-05	0.000403
274	11	1.1e-05	0.000392
275	8	8e-06	0.000381
276	15	1.5e-05	0.000373
277	13	1.3e-05	0.000358
278	10	1e-05	0.000345
279	17	1.7e-05	0.000335
280	14	1.4e-05	0.000318
281	13	1.3e-05	0.000304
282	12	1.2e-05	0.000291
283	8	8e-06	0.000279
284	13	1.3e-05	0.000271
285	13	1.3e-05	0.000258
286	11	1.1e-05	0.000245
287	7	7e-06	0.000234
288	3	3e-06	0.000227
289	12	1.2e-05	0.000224
290	5	5e-06	0.000212
291	12	1.2e-05	0.000207
292	6	6e-06	0.000195
293	5	5e-06	0.000189
294	8	8e-06	0.000184
295	10	1e-05	0.000176
296	9	9e-06	0.000166
297	9	9e-06	0.000157
298	9	9e-06	0.000148
299	7	7e-06	0.000139
300	6	6e-06	0.000132
301	5	5e-06	0.000126
302	6	6e-06	0.000121
303	1	1e-06	0.000115
304	5	5e-06	0.000114
305	6	6e-06	0.000109
306	4	4e-06	0.000103
307	2	2e-06	9.9e-05
308	3	3e-06	9.7e-05
310	5	5e-06	9.4e-05
311	4	4e-06	8.9e-05
312	3	3e-06	8.5e-05
313	4	4e-06	8.2e-05
314	4	4e-06	7.8e-05
315	7	7e-06	7.4e-05
316	4	4e-06	6.7e-05
317	1	1e-06	6.3e-05
318	3	3e-06	6.2e-05
319	2	2e-06	5.9e-05
320	2	2e-06	5.7e-05
321	3	3e-06	5.5e-05
322	4	4e-06	5.2e-05
324	2	2e-06	4.8e-05
325	3	3e-06	4.6e-05
326	1	1e-06	4.3e-05
327	1	1e-06	4.2e-05
328	2	2e-06	4.1e-05
329	4	4e-06	3.9e-05
330	1	1e-06	3.5e-05
332	2	2e-06	3.4e-05
333	2	2e-06	3.2e-05
335	3	3e-06	3e-05
337	1	1e-06	2.7e-05
339	1	1e-06	2.6e-05
341	1	1e-06	2.5e-05
343	1	1e-06	2.4e-05
345	3	3e-06	2.3e-05
346	1	1e-06	2e-05
349	2	2e-06	1.9e-05
350	2	2e-06	1.7e-05
353	1	1e-06	1.5e-05
355	1	1e-06	1.4e-05
358	2	2e-06	1.3e-05
367	1	1e-06	1.1e-05
368	1	1e-06	1e-05
369	1	1e-06	9e-06
370	1	1e-06	8e-06
371	1	1e-06	7e-06
374	1	1e-06	6e-06
380	1	1e-06	5e-06
399	1	1e-06	4e-06
409	1	1e-06	3e-06
419	1	1e-06	2e-06
441	1	1e-06	1e-06
